# JRE version: Java(TM) SE Runtime Environment (8.0_162-b12) (build 1.8.0_162-b12)
# Java VM: Java HotSpot(TM) 64-Bit Server VM (25.162-b12 mixed mode windows-amd64 compressed oops)
Heap:
 PSYoungGen      total 33280K, used 282K [0x000000076b500000, 0x000000076d680000, 0x00000007c0000000)
  eden space 32768K, 0% used [0x000000076b500000,0x000000076b502868,0x000000076d500000)
  from space 512K, 53% used [0x000000076d600000,0x000000076d644020,0x000000076d680000)
  to   space 512K, 0% used [0x000000076d580000,0x000000076d580000,0x000000076d600000)
 ParOldGen       total 138240K, used 66203K [0x00000006c1e00000, 0x00000006ca500000, 0x000000076b500000)
  object space 138240K, 47% used [0x00000006c1e00000,0x00000006c5ea6f50,0x00000006ca500000)
 Metaspace       used 56844K, capacity 60816K, committed 61056K, reserved 1101824K
  class space    used 7577K, capacity 8237K, committed 8320K, reserved 1048576K
GC Heap History (10 events):
Event: 20870.833 GC heap before
{Heap before GC invocations=2679 (full 3):
 PSYoungGen      total 33280K, used 33008K [0x000000076b500000, 0x000000076d680000, 0x00000007c0000000)
  eden space 32768K, 100% used [0x000000076b500000,0x000000076d500000,0x000000076d500000)
  from space 512K, 46% used [0x000000076d580000,0x000000076d5bc020,0x000000076d600000)
  to   space 512K, 0% used [0x000000076d600000,0x000000076d600000,0x000000076d680000)
 ParOldGen       total 138240K, used 66179K [0x00000006c1e00000, 0x00000006ca500000, 0x000000076b500000)
  object space 138240K, 47% used [0x00000006c1e00000,0x00000006c5ea0f50,0x00000006ca500000)
 Metaspace       used 56844K, capacity 60816K, committed 61056K, reserved 1101824K
  class space    used 7577K, capacity 8237K, committed 8320K, reserved 1048576K
Event: 20870.836 GC heap after
Heap after GC invocations=2679 (full 3):
 PSYoungGen      total 33280K, used 240K [0x000000076b500000, 0x000000076d680000, 0x00000007c0000000)
  eden space 32768K, 0% used [0x000000076b500000,0x000000076b500000,0x000000076d500000)
  from space 512K, 46% used [0x000000076d600000,0x000000076d63c020,0x000000076d680000)
  to   space 512K, 0% used [0x000000076d580000,0x000000076d580000,0x000000076d600000)
 ParOldGen       total 138240K, used 66179K [0x00000006c1e00000, 0x00000006ca500000, 0x000000076b500000)
  object space 138240K, 47% used [0x00000006c1e00000,0x00000006c5ea0f50,0x00000006ca500000)
 Metaspace       used 56844K, capacity 60816K, committed 61056K, reserved 1101824K
  class space    used 7577K, capacity 8237K, committed 8320K, reserved 1048576K
}
Event: 20877.160 GC heap before
{Heap before GC invocations=2680 (full 3):
 PSYoungGen      total 33280K, used 33008K [0x000000076b500000, 0x000000076d680000, 0x00000007c0000000)
  eden space 32768K, 100% used [0x000000076b500000,0x000000076d500000,0x000000076d500000)
  from space 512K, 46% used [0x000000076d600000,0x000000076d63c020,0x000000076d680000)
  to   space 512K, 0% used [0x000000076d580000,0x000000076d580000,0x000000076d600000)
 ParOldGen       total 138240K, used 66179K [0x00000006c1e00000, 0x00000006ca500000, 0x000000076b500000)
  object space 138240K, 47% used [0x00000006c1e00000,0x00000006c5ea0f50,0x00000006ca500000)
 Metaspace       used 56844K, capacity 60816K, committed 61056K, reserved 1101824K
  class space    used 7577K, capacity 8237K, committed 8320K, reserved 1048576K
Event: 20877.163 GC heap after
Heap after GC invocations=2680 (full 3):
 PSYoungGen      total 33280K, used 240K [0x000000076b500000, 0x000000076d680000, 0x00000007c0000000)
  eden space 32768K, 0% used [0x000000076b500000,0x000000076b500000,0x000000076d500000)
  from space 512K, 46% used [0x000000076d580000,0x000000076d5bc020,0x000000076d600000)
  to   space 512K, 0% used [0x000000076d600000,0x000000076d600000,0x000000076d680000)
 ParOldGen       total 138240K, used 66187K [0x00000006c1e00000, 0x00000006ca500000, 0x000000076b500000)
  object space 138240K, 47% used [0x00000006c1e00000,0x00000006c5ea2f50,0x00000006ca500000)
 Metaspace       used 56844K, capacity 60816K, committed 61056K, reserved 1101824K
  class space    used 7577K, capacity 8237K, committed 8320K, reserved 1048576K
}
Event: 20885.326 GC heap before
{Heap before GC invocations=2681 (full 3):
 PSYoungGen      total 33280K, used 33008K [0x000000076b500000, 0x000000076d680000, 0x00000007c0000000)
  eden space 32768K, 100% used [0x000000076b500000,0x000000076d500000,0x000000076d500000)
  from space 512K, 46% used [0x000000076d580000,0x000000076d5bc020,0x000000076d600000)
  to   space 512K, 0% used [0x000000076d600000,0x000000076d600000,0x000000076d680000)
 ParOldGen       total 138240K, used 66187K [0x00000006c1e00000, 0x00000006ca500000, 0x000000076b500000)
  object space 138240K, 47% used [0x00000006c1e00000,0x00000006c5ea2f50,0x00000006ca500000)
 Metaspace       used 56844K, capacity 60816K, committed 61056K, reserved 1101824K
  class space    used 7577K, capacity 8237K, committed 8320K, reserved 1048576K
Event: 20885.328 GC heap after
Heap after GC invocations=2681 (full 3):
 PSYoungGen      total 33280K, used 240K [0x000000076b500000, 0x000000076d680000, 0x00000007c0000000)
  eden space 32768K, 0% used [0x000000076b500000,0x000000076b500000,0x000000076d500000)
  from space 512K, 46% used [0x000000076d600000,0x000000076d63c020,0x000000076d680000)
  to   space 512K, 0% used [0x000000076d580000,0x000000076d580000,0x000000076d600000)
 ParOldGen       total 138240K, used 66203K [0x00000006c1e00000, 0x00000006ca500000, 0x000000076b500000)
  object space 138240K, 47% used [0x00000006c1e00000,0x00000006c5ea6f50,0x00000006ca500000)
 Metaspace       used 56844K, capacity 60816K, committed 61056K, reserved 1101824K
  class space    used 7577K, capacity 8237K, committed 8320K, reserved 1048576K
}
Event: 20894.078 GC heap before
{Heap before GC invocations=2682 (full 3):
 PSYoungGen      total 33280K, used 33008K [0x000000076b500000, 0x000000076d680000, 0x00000007c0000000)
  eden space 32768K, 100% used [0x000000076b500000,0x000000076d500000,0x000000076d500000)
  from space 512K, 46% used [0x000000076d600000,0x000000076d63c020,0x000000076d680000)
  to   space 512K, 0% used [0x000000076d580000,0x000000076d580000,0x000000076d600000)
 ParOldGen       total 138240K, used 66203K [0x00000006c1e00000, 0x00000006ca500000, 0x000000076b500000)
  object space 138240K, 47% used [0x00000006c1e00000,0x00000006c5ea6f50,0x00000006ca500000)
 Metaspace       used 56844K, capacity 60816K, committed 61056K, reserved 1101824K
  class space    used 7577K, capacity 8237K, committed 8320K, reserved 1048576K
Event: 20894.102 GC heap after
Heap after GC invocations=2682 (full 3):
 PSYoungGen      total 33280K, used 272K [0x000000076b500000, 0x000000076d680000, 0x00000007c0000000)
  eden space 32768K, 0% used [0x000000076b500000,0x000000076b500000,0x000000076d500000)
  from space 512K, 53% used [0x000000076d580000,0x000000076d5c4020,0x000000076d600000)
  to   space 512K, 0% used [0x000000076d600000,0x000000076d600000,0x000000076d680000)
 ParOldGen       total 138240K, used 66203K [0x00000006c1e00000, 0x00000006ca500000, 0x000000076b500000)
  object space 138240K, 47% used [0x00000006c1e00000,0x00000006c5ea6f50,0x00000006ca500000)
 Metaspace       used 56844K, capacity 60816K, committed 61056K, reserved 1101824K
  class space    used 7577K, capacity 8237K, committed 8320K, reserved 1048576K
}
Event: 20912.765 GC heap before
{Heap before GC invocations=2683 (full 3):
 PSYoungGen      total 33280K, used 33040K [0x000000076b500000, 0x000000076d680000, 0x00000007c0000000)
  eden space 32768K, 100% used [0x000000076b500000,0x000000076d500000,0x000000076d500000)
  from space 512K, 53% used [0x000000076d580000,0x000000076d5c4020,0x000000076d600000)
  to   space 512K, 0% used [0x000000076d600000,0x000000076d600000,0x000000076d680000)
 ParOldGen       total 138240K, used 66203K [0x00000006c1e00000, 0x00000006ca500000, 0x000000076b500000)
  object space 138240K, 47% used [0x00000006c1e00000,0x00000006c5ea6f50,0x00000006ca500000)
 Metaspace       used 56844K, capacity 60816K, committed 61056K, reserved 1101824K
  class space    used 7577K, capacity 8237K, committed 8320K, reserved 1048576K
Event: 20912.774 GC heap after
Heap after GC invocations=2683 (full 3):
 PSYoungGen      total 33280K, used 272K [0x000000076b500000, 0x000000076d680000, 0x00000007c0000000)
  eden space 32768K, 0% used [0x000000076b500000,0x000000076b500000,0x000000076d500000)
  from space 512K, 53% used [0x000000076d600000,0x000000076d644020,0x000000076d680000)
  to   space 512K, 0% used [0x000000076d580000,0x000000076d580000,0x000000076d600000)
 ParOldGen       total 138240K, used 66203K [0x00000006c1e00000, 0x00000006ca500000, 0x000000076b500000)
  object space 138240K, 47% used [0x00000006c1e00000,0x00000006c5ea6f50,0x00000006ca500000)
 Metaspace       used 56844K, capacity 60816K, committed 61056K, reserved 1101824K
  class space    used 7577K, capacity 8237K, committed 8320K, reserved 1048576K
}

